Building DAG of jobs...
File path data//NR4_NR1_ancestors.fasta contains double '/'. This is likely unintended. It can also lead to inconsistent results of the file-matching approach used by Snakemake.
File path data//NR4_NR1_ancestors.fasta contains double '/'. This is likely unintended. It can also lead to inconsistent results of the file-matching approach used by Snakemake.
File path data//NR4_NR1_ancestors.fasta contains double '/'. This is likely unintended. It can also lead to inconsistent results of the file-matching approach used by Snakemake.
Using shell: /bin/bash
Provided cores: -1 (use --cores to define parallelism)
Rules claiming more threads will be scaled down.
Job stats:
job                   count    min threads    max threads
------------------  -------  -------------  -------------
all                       1             -1              0
generate_mutations        3             -1              0
run_interproscan          3             -1              0
total                     7             -1              0

Select jobs to execute...

[Thu Sep 19 16:48:04 2024]
rule generate_mutations:
    input: data//NR4_NR1_ancestors.fasta
    output: workflows/NR4_NR1_ancestors/fasta/NR4_NR1_ancestors_3.fasta
    jobid: 6
    reason: Missing output files: workflows/NR4_NR1_ancestors/fasta/NR4_NR1_ancestors_3.fasta; Set of input files has changed since last execution
    wildcards: dataset_name=NR4_NR1_ancestors, rep=3
    threads: -1
    resources: tmpdir=/var/folders/xs/24s9hwqd191f2x7rhdy6_ryc0000gr/T

[Thu Sep 19 16:48:04 2024]
rule generate_mutations:
    input: data//NR4_NR1_ancestors.fasta
    output: workflows/NR4_NR1_ancestors/fasta/NR4_NR1_ancestors_1.fasta
    jobid: 2
    reason: Missing output files: workflows/NR4_NR1_ancestors/fasta/NR4_NR1_ancestors_1.fasta; Set of input files has changed since last execution
    wildcards: dataset_name=NR4_NR1_ancestors, rep=1
    threads: -1
    resources: tmpdir=/var/folders/xs/24s9hwqd191f2x7rhdy6_ryc0000gr/T

[Thu Sep 19 16:48:04 2024]
rule generate_mutations:
    input: data//NR4_NR1_ancestors.fasta
    output: workflows/NR4_NR1_ancestors/fasta/NR4_NR1_ancestors_2.fasta
    jobid: 4
    reason: Missing output files: workflows/NR4_NR1_ancestors/fasta/NR4_NR1_ancestors_2.fasta; Set of input files has changed since last execution
    wildcards: dataset_name=NR4_NR1_ancestors, rep=2
    threads: -1
    resources: tmpdir=/var/folders/xs/24s9hwqd191f2x7rhdy6_ryc0000gr/T

[Thu Sep 19 16:48:05 2024]
Finished job 4.
1 of 7 steps (14%) done
Select jobs to execute...

[Thu Sep 19 16:48:05 2024]
rule run_interproscan:
    input: workflows/NR4_NR1_ancestors/fasta/NR4_NR1_ancestors_2.fasta
    output: workflows/NR4_NR1_ancestors/interproscan/NR4_NR1_ancestors_2.csv
    jobid: 3
    reason: Missing output files: workflows/NR4_NR1_ancestors/interproscan/NR4_NR1_ancestors_2.csv; Input files updated by another job: workflows/NR4_NR1_ancestors/fasta/NR4_NR1_ancestors_2.fasta
    wildcards: dataset_name=NR4_NR1_ancestors, rep=2
    threads: -1
    resources: tmpdir=/var/folders/xs/24s9hwqd191f2x7rhdy6_ryc0000gr/T

[Thu Sep 19 16:48:05 2024]
Error in rule run_interproscan:
    jobid: 3
    output: workflows/NR4_NR1_ancestors/interproscan/NR4_NR1_ancestors_2.csv
    shell:
        
        # Run interproscan with the provided input fasta and output tsv
        /media/WorkingSpace/Share/interproscan/interproscan-5.65-97.0/interproscan.sh         -i workflows/NR4_NR1_ancestors/fasta/NR4_NR1_ancestors_2.fasta         -f tsv -dp > /media/WorkingSpace/Share/interproscan/interproscan-5.65-97.0/NR4_NR1_ancestors_2.out

        # Move the generated .tsv file from interproscan_dir to the final output location
        mv /media/WorkingSpace/Share/interproscan/interproscan-5.65-97.0/NR4_NR1_ancestors_2.tsv workflows/NR4_NR1_ancestors/interproscan/NR4_NR1_ancestors_2.csv
        
        (one of the commands exited with non-zero exit code; note that snakemake uses bash strict mode!)

[Thu Sep 19 16:48:05 2024]
Finished job 2.
2 of 7 steps (29%) done
[Thu Sep 19 16:48:05 2024]
Finished job 6.
3 of 7 steps (43%) done
Shutting down, this might take some time.
Exiting because a job execution failed. Look above for error message
Complete log: .snakemake/log/2024-09-19T164804.248483.snakemake.log
