Building DAG of jobs...
Using shell: /bin/bash
Provided cores: -1 (use --cores to define parallelism)
Rules claiming more threads will be scaled down.
Job stats:
job                   count    min threads    max threads
------------------  -------  -------------  -------------
all                       1             -1              0
generate_mutations        3             -1              0
run_interproscan          3             -1              0
total                     7             -1              0

Select jobs to execute...

[Thu Sep 19 17:06:39 2024]
rule generate_mutations:
    input: data/NR4_NR1_ancestors_unaligned.fasta
    output: workflows/NR4_NR1_ancestors_unaligned/fasta/NR4_NR1_ancestors_unaligned_3.fasta
    jobid: 6
    reason: Missing output files: workflows/NR4_NR1_ancestors_unaligned/fasta/NR4_NR1_ancestors_unaligned_3.fasta
    wildcards: dataset_name=NR4_NR1_ancestors_unaligned, rep=3
    threads: -1
    resources: tmpdir=/var/folders/xs/24s9hwqd191f2x7rhdy6_ryc0000gr/T

[Thu Sep 19 17:06:39 2024]
rule generate_mutations:
    input: data/NR4_NR1_ancestors_unaligned.fasta
    output: workflows/NR4_NR1_ancestors_unaligned/fasta/NR4_NR1_ancestors_unaligned_1.fasta
    jobid: 2
    reason: Missing output files: workflows/NR4_NR1_ancestors_unaligned/fasta/NR4_NR1_ancestors_unaligned_1.fasta
    wildcards: dataset_name=NR4_NR1_ancestors_unaligned, rep=1
    threads: -1
    resources: tmpdir=/var/folders/xs/24s9hwqd191f2x7rhdy6_ryc0000gr/T

[Thu Sep 19 17:06:39 2024]
rule generate_mutations:
    input: data/NR4_NR1_ancestors_unaligned.fasta
    output: workflows/NR4_NR1_ancestors_unaligned/fasta/NR4_NR1_ancestors_unaligned_2.fasta
    jobid: 4
    reason: Missing output files: workflows/NR4_NR1_ancestors_unaligned/fasta/NR4_NR1_ancestors_unaligned_2.fasta
    wildcards: dataset_name=NR4_NR1_ancestors_unaligned, rep=2
    threads: -1
    resources: tmpdir=/var/folders/xs/24s9hwqd191f2x7rhdy6_ryc0000gr/T

[Thu Sep 19 17:06:40 2024]
Finished job 2.
1 of 7 steps (14%) done
Select jobs to execute...

[Thu Sep 19 17:06:40 2024]
rule run_interproscan:
    input: workflows/NR4_NR1_ancestors_unaligned/fasta/NR4_NR1_ancestors_unaligned_1.fasta
    output: workflows/NR4_NR1_ancestors_unaligned/interproscan/NR4_NR1_ancestors_unaligned_1.csv
    jobid: 1
    reason: Missing output files: workflows/NR4_NR1_ancestors_unaligned/interproscan/NR4_NR1_ancestors_unaligned_1.csv; Input files updated by another job: workflows/NR4_NR1_ancestors_unaligned/fasta/NR4_NR1_ancestors_unaligned_1.fasta
    wildcards: dataset_name=NR4_NR1_ancestors_unaligned, rep=1
    threads: -1
    resources: tmpdir=/var/folders/xs/24s9hwqd191f2x7rhdy6_ryc0000gr/T

[Thu Sep 19 17:06:40 2024]
Finished job 6.
2 of 7 steps (29%) done
[Thu Sep 19 17:06:40 2024]
Finished job 4.
3 of 7 steps (43%) done
Select jobs to execute...
[Thu Sep 19 17:06:40 2024]
Error in rule run_interproscan:
    jobid: 1
    output: workflows/NR4_NR1_ancestors_unaligned/interproscan/NR4_NR1_ancestors_unaligned_1.csv
    shell:
        
        /media/WorkingSpace/Share/interproscan/interproscan-5.65-97.0/interproscan.sh         -i workflows/NR4_NR1_ancestors_unaligned/fasta/NR4_NR1_ancestors_unaligned_1.fasta         -f tsv -bp workflows/NR4_NR1_ancestors_unaligned/interproscan/NR4_NR1_ancestors_unaligned_1.csv
        
        (one of the commands exited with non-zero exit code; note that snakemake uses bash strict mode!)

Shutting down, this might take some time.
Exiting because a job execution failed. Look above for error message
Complete log: .snakemake/log/2024-09-19T170639.424635.snakemake.log
