Building DAG of jobs...
Using shell: /bin/bash
Provided cores: 1 (use --cores to define parallelism)
Rules claiming more threads will be scaled down.
Job stats:
job                   count    min threads    max threads
------------------  -------  -------------  -------------
all                       1              1              1
generate_mutations        2              1              1
run_interproscan          3              1              1
total                     6              1              1


[Thu Sep 19 17:03:14 2024]
rule run_interproscan:
    input: workflows/NR4_NR1_ancestors_unaligned/fasta/NR4_NR1_ancestors_unaligned_1.fasta
    output: workflows/NR4_NR1_ancestors_unaligned/interproscan/NR4_NR1_ancestors_unaligned_1.csv
    jobid: 1
    wildcards: dataset_name=NR4_NR1_ancestors_unaligned, rep=1
    resources: tmpdir=/tmp

Terminating processes on user request, this might take some time.
[Thu Sep 19 17:03:44 2024]
Error in rule run_interproscan:
    jobid: 1
    output: workflows/NR4_NR1_ancestors_unaligned/interproscan/NR4_NR1_ancestors_unaligned_1.csv
    shell:
        
        /media/WorkingSpace/Share/interproscan/interproscan-5.65-97.0/interproscan.sh         -i workflows/NR4_NR1_ancestors_unaligned/fasta/NR4_NR1_ancestors_unaligned_1.fasta         -f tsv -bp workflows/NR4_NR1_ancestors_unaligned/interproscan/NR4_NR1_ancestors_unaligned_1.csv
        
        (one of the commands exited with non-zero exit code; note that snakemake uses bash strict mode!)

Complete log: /media/WorkingSpace/Gabe/test_protein_classifier/.snakemake/log/2024-09-19T170314.552289.snakemake.log
