Building DAG of jobs...
Relative file path './data/NR4_NR1_ancestors.fasta' starts with './'. This is redundant and strongly discouraged. It can also lead to inconsistent results of the file-matching approach used by Snakemake. You can simply omit the './' for relative file paths.
Relative file path './data/NR4_NR1_ancestors.fasta' starts with './'. This is redundant and strongly discouraged. It can also lead to inconsistent results of the file-matching approach used by Snakemake. You can simply omit the './' for relative file paths.
Relative file path './data/NR4_NR1_ancestors.fasta' starts with './'. This is redundant and strongly discouraged. It can also lead to inconsistent results of the file-matching approach used by Snakemake. You can simply omit the './' for relative file paths.
Using shell: /bin/bash
Provided cores: -1 (use --cores to define parallelism)
Rules claiming more threads will be scaled down.
Job stats:
job                 count    min threads    max threads
----------------  -------  -------------  -------------
all                     1             -1              0
run_interproscan        3             -1              0
total                   4             -1              0

Select jobs to execute...

[Thu Sep 19 16:46:46 2024]
rule run_interproscan:
    input: workflows/NR4_NR1_ancestors/fasta/NR4_NR1_ancestors_3.fasta
    output: workflows/NR4_NR1_ancestors/interproscan/NR4_NR1_ancestors_3.csv
    jobid: 5
    reason: Missing output files: workflows/NR4_NR1_ancestors/interproscan/NR4_NR1_ancestors_3.csv
    wildcards: dataset_name=NR4_NR1_ancestors, rep=3
    threads: -1
    resources: tmpdir=/var/folders/xs/24s9hwqd191f2x7rhdy6_ryc0000gr/T


[Thu Sep 19 16:46:46 2024]
rule run_interproscan:
    input: workflows/NR4_NR1_ancestors/fasta/NR4_NR1_ancestors_1.fasta
    output: workflows/NR4_NR1_ancestors/interproscan/NR4_NR1_ancestors_1.csv
    jobid: 1
    reason: Missing output files: workflows/NR4_NR1_ancestors/interproscan/NR4_NR1_ancestors_1.csv
    wildcards: dataset_name=NR4_NR1_ancestors, rep=1
    threads: -1
    resources: tmpdir=/var/folders/xs/24s9hwqd191f2x7rhdy6_ryc0000gr/T


[Thu Sep 19 16:46:46 2024]
rule run_interproscan:
    input: workflows/NR4_NR1_ancestors/fasta/NR4_NR1_ancestors_2.fasta
    output: workflows/NR4_NR1_ancestors/interproscan/NR4_NR1_ancestors_2.csv
    jobid: 3
    reason: Missing output files: workflows/NR4_NR1_ancestors/interproscan/NR4_NR1_ancestors_2.csv
    wildcards: dataset_name=NR4_NR1_ancestors, rep=2
    threads: -1
    resources: tmpdir=/var/folders/xs/24s9hwqd191f2x7rhdy6_ryc0000gr/T

[Thu Sep 19 16:46:46 2024]
[Thu Sep 19 16:46:46 2024]
Error in rule run_interproscan:
    jobid: 5
    output: workflows/NR4_NR1_ancestors/interproscan/NR4_NR1_ancestors_3.csv
    shell:
        
        # Run interproscan with the provided input fasta and output tsv
        /media/WorkingSpace/Share/interproscan/interproscan-5.65-97.0//interproscan.sh         -i workflows/NR4_NR1_ancestors/fasta/NR4_NR1_ancestors_3.fasta         -f tsv -dp > /media/WorkingSpace/Share/interproscan/interproscan-5.65-97.0//NR4_NR1_ancestors_3.out

        # Move the generated .tsv file from interproscan_dir to the final output location
        mv /media/WorkingSpace/Share/interproscan/interproscan-5.65-97.0//NR4_NR1_ancestors_3.tsv workflows/NR4_NR1_ancestors/interproscan/NR4_NR1_ancestors_3.csv
        
        (one of the commands exited with non-zero exit code; note that snakemake uses bash strict mode!)

Error in rule run_interproscan:
    jobid: 1
    output: workflows/NR4_NR1_ancestors/interproscan/NR4_NR1_ancestors_1.csv
    shell:
        
        # Run interproscan with the provided input fasta and output tsv
        /media/WorkingSpace/Share/interproscan/interproscan-5.65-97.0//interproscan.sh         -i workflows/NR4_NR1_ancestors/fasta/NR4_NR1_ancestors_1.fasta         -f tsv -dp > /media/WorkingSpace/Share/interproscan/interproscan-5.65-97.0//NR4_NR1_ancestors_1.out

        # Move the generated .tsv file from interproscan_dir to the final output location
        mv /media/WorkingSpace/Share/interproscan/interproscan-5.65-97.0//NR4_NR1_ancestors_1.tsv workflows/NR4_NR1_ancestors/interproscan/NR4_NR1_ancestors_1.csv
        
        (one of the commands exited with non-zero exit code; note that snakemake uses bash strict mode!)

[Thu Sep 19 16:46:46 2024]
Error in rule run_interproscan:
    jobid: 3
    output: workflows/NR4_NR1_ancestors/interproscan/NR4_NR1_ancestors_2.csv
    shell:
        
        # Run interproscan with the provided input fasta and output tsv
        /media/WorkingSpace/Share/interproscan/interproscan-5.65-97.0//interproscan.sh         -i workflows/NR4_NR1_ancestors/fasta/NR4_NR1_ancestors_2.fasta         -f tsv -dp > /media/WorkingSpace/Share/interproscan/interproscan-5.65-97.0//NR4_NR1_ancestors_2.out

        # Move the generated .tsv file from interproscan_dir to the final output location
        mv /media/WorkingSpace/Share/interproscan/interproscan-5.65-97.0//NR4_NR1_ancestors_2.tsv workflows/NR4_NR1_ancestors/interproscan/NR4_NR1_ancestors_2.csv
        
        (one of the commands exited with non-zero exit code; note that snakemake uses bash strict mode!)

Shutting down, this might take some time.
Exiting because a job execution failed. Look above for error message
Complete log: .snakemake/log/2024-09-19T164646.518736.snakemake.log
