Building DAG of jobs...
File path data//NR4_NR1_ancestors_unaligned.fasta contains double '/'. This is likely unintended. It can also lead to inconsistent results of the file-matching approach used by Snakemake.
File path data//NR4_NR1_ancestors_unaligned.fasta contains double '/'. This is likely unintended. It can also lead to inconsistent results of the file-matching approach used by Snakemake.
File path data//NR4_NR1_ancestors_unaligned.fasta contains double '/'. This is likely unintended. It can also lead to inconsistent results of the file-matching approach used by Snakemake.
Using shell: /bin/bash
Provided cores: 1 (use --cores to define parallelism)
Rules claiming more threads will be scaled down.
Job stats:
job                   count    min threads    max threads
------------------  -------  -------------  -------------
all                       1              1              1
generate_mutations        3              1              1
run_interproscan          3              1              1
total                     7              1              1


[Thu Sep 19 16:54:12 2024]
rule generate_mutations:
    input: data//NR4_NR1_ancestors_unaligned.fasta
    output: workflows/NR4_NR1_ancestors_unaligned/fasta/NR4_NR1_ancestors_unaligned_1.fasta
    jobid: 2
    wildcards: dataset_name=NR4_NR1_ancestors_unaligned, rep=1
    resources: tmpdir=/tmp

[Thu Sep 19 16:54:12 2024]
Finished job 2.
1 of 7 steps (14%) done

[Thu Sep 19 16:54:12 2024]
rule run_interproscan:
    input: workflows/NR4_NR1_ancestors_unaligned/fasta/NR4_NR1_ancestors_unaligned_1.fasta
    output: workflows/NR4_NR1_ancestors_unaligned/interproscan/NR4_NR1_ancestors_unaligned_1.csv
    jobid: 1
    wildcards: dataset_name=NR4_NR1_ancestors_unaligned, rep=1
    resources: tmpdir=/tmp

[Thu Sep 19 16:57:09 2024]
Error in rule run_interproscan:
    jobid: 1
    output: workflows/NR4_NR1_ancestors_unaligned/interproscan/NR4_NR1_ancestors_unaligned_1.csv
    shell:
        
        # Run interproscan with the provided input fasta and output tsv
        /media/WorkingSpace/Share/interproscan/interproscan-5.65-97.0/interproscan.sh         -i workflows/NR4_NR1_ancestors_unaligned/fasta/NR4_NR1_ancestors_unaligned_1.fasta         -f tsv -dp > /media/WorkingSpace/Share/interproscan/interproscan-5.65-97.0/NR4_NR1_ancestors_unaligned_1.out

        # Move the generated .tsv file from interproscan_dir to the final output location
        mv /media/WorkingSpace/Share/interproscan/interproscan-5.65-97.0/NR4_NR1_ancestors_unaligned_1.tsv workflows/NR4_NR1_ancestors_unaligned/interproscan/NR4_NR1_ancestors_unaligned_1.csv
        
        (one of the commands exited with non-zero exit code; note that snakemake uses bash strict mode!)

Shutting down, this might take some time.
Exiting because a job execution failed. Look above for error message
Complete log: /media/WorkingSpace/Gabe/test_protein_classifier/.snakemake/log/2024-09-19T165411.685820.snakemake.log
