Building DAG of jobs...
Relative file path './data/NR4_NR1_ancestors.fasta' starts with './'. This is redundant and strongly discouraged. It can also lead to inconsistent results of the file-matching approach used by Snakemake. You can simply omit the './' for relative file paths.
Relative file path './data/NR4_NR1_ancestors.fasta' starts with './'. This is redundant and strongly discouraged. It can also lead to inconsistent results of the file-matching approach used by Snakemake. You can simply omit the './' for relative file paths.
Relative file path './data/NR4_NR1_ancestors.fasta' starts with './'. This is redundant and strongly discouraged. It can also lead to inconsistent results of the file-matching approach used by Snakemake. You can simply omit the './' for relative file paths.
Using shell: /bin/bash
Provided cores: 1 (use --cores to define parallelism)
Rules claiming more threads will be scaled down.
Job stats:
job                   count    min threads    max threads
------------------  -------  -------------  -------------
all                       1              1              1
generate_mutations        3              1              1
total                     4              1              1


[Thu Sep 19 16:42:57 2024]
rule generate_mutations:
    input: ./data/NR4_NR1_ancestors.fasta
    output: workflows/NR4_NR1_ancestors/fasta/NR4_NR1_ancestors_1.fasta
    jobid: 1
    wildcards: dataset_name=NR4_NR1_ancestors, rep=1
    resources: tmpdir=/tmp

[Thu Sep 19 16:42:59 2024]
Finished job 1.
1 of 4 steps (25%) done

[Thu Sep 19 16:42:59 2024]
rule generate_mutations:
    input: ./data/NR4_NR1_ancestors.fasta
    output: workflows/NR4_NR1_ancestors/fasta/NR4_NR1_ancestors_2.fasta
    jobid: 2
    wildcards: dataset_name=NR4_NR1_ancestors, rep=2
    resources: tmpdir=/tmp

[Thu Sep 19 16:42:59 2024]
Finished job 2.
2 of 4 steps (50%) done

[Thu Sep 19 16:42:59 2024]
rule generate_mutations:
    input: ./data/NR4_NR1_ancestors.fasta
    output: workflows/NR4_NR1_ancestors/fasta/NR4_NR1_ancestors_3.fasta
    jobid: 3
    wildcards: dataset_name=NR4_NR1_ancestors, rep=3
    resources: tmpdir=/tmp

[Thu Sep 19 16:43:00 2024]
Finished job 3.
3 of 4 steps (75%) done

[Thu Sep 19 16:43:00 2024]
localrule all:
    input: workflows/NR4_NR1_ancestors/fasta/NR4_NR1_ancestors_1.fasta, workflows/NR4_NR1_ancestors/fasta/NR4_NR1_ancestors_2.fasta, workflows/NR4_NR1_ancestors/fasta/NR4_NR1_ancestors_3.fasta
    jobid: 0
    resources: tmpdir=/tmp

[Thu Sep 19 16:43:00 2024]
Finished job 0.
4 of 4 steps (100%) done
Complete log: /media/WorkingSpace/Gabe/test_protein_classifier/.snakemake/log/2024-09-19T164257.531390.snakemake.log
